2023-06-21 20:37:10.014 - INFO - 9144 - azureml.train.automl._experiment_drivers.driver_utilities.modify_run_configuration:225 - Package azureml-train-automl missing from dependencies file.
2023-06-21 20:37:10.015 - INFO - 9144 - azureml.train.automl._experiment_drivers.driver_utilities.modify_run_configuration:231 - Using pinned version: azureml-train-automl==1.49.0.*
2023-06-21 20:37:10.015 - INFO - 9144 - azureml.train.automl._experiment_drivers.driver_utilities.modify_run_configuration:225 - Package pandas missing from dependencies file.
2023-06-21 20:37:10.015 - INFO - 9144 - azureml.train.automl._experiment_drivers.driver_utilities.modify_run_configuration:231 - Using pinned version: pandas==1.1.5
2023-06-21 20:37:10.016 - INFO - 9144 - azureml.train.automl._experiment_drivers.driver_utilities.modify_run_configuration:225 - Package psutil missing from dependencies file.
2023-06-21 20:37:10.016 - INFO - 9144 - azureml.train.automl._experiment_drivers.driver_utilities.modify_run_configuration:231 - Using pinned version: psutil>5.0.0,<6.0.0
2023-06-21 20:37:10.016 - INFO - 9144 - azureml.train.automl._experiment_drivers.driver_utilities.modify_run_configuration:225 - Package scikit-learn missing from dependencies file.
2023-06-21 20:37:10.017 - INFO - 9144 - azureml.train.automl._experiment_drivers.driver_utilities.modify_run_configuration:231 - Using pinned version: scikit-learn==0.22.1
2023-06-21 20:37:10.017 - INFO - 9144 - azureml.train.automl._experiment_drivers.driver_utilities.modify_run_configuration:225 - Package numpy missing from dependencies file.
2023-06-21 20:37:10.017 - INFO - 9144 - azureml.train.automl._experiment_drivers.driver_utilities.modify_run_configuration:231 - Using pinned version: numpy~=1.18.0
2023-06-21 20:37:10.017 - INFO - 9144 - azureml.train.automl._experiment_drivers.driver_utilities.modify_run_configuration:225 - Package py-xgboost missing from dependencies file.
2023-06-21 20:37:10.018 - INFO - 9144 - azureml.train.automl._experiment_drivers.driver_utilities.modify_run_configuration:231 - Using pinned version: py-xgboost==1.3.3
2023-06-21 20:37:10.018 - INFO - 9144 - azureml.train.automl._experiment_drivers.driver_utilities.modify_run_configuration:225 - Package inference-schema missing from dependencies file.
2023-06-21 20:37:10.019 - INFO - 9144 - azureml.train.automl._experiment_drivers.driver_utilities.modify_run_configuration:235 - Using installed version: inference-schema==1.5.1
2023-06-21 20:37:10.019 - INFO - 9144 - azureml.train.automl._experiment_drivers.driver_utilities.modify_run_configuration:225 - Package fbprophet missing from dependencies file.
2023-06-21 20:37:10.019 - INFO - 9144 - azureml.train.automl._experiment_drivers.driver_utilities.modify_run_configuration:231 - Using pinned version: fbprophet==0.7.1
2023-06-21 20:37:10.020 - INFO - 9144 - azureml.train.automl._experiment_drivers.driver_utilities.modify_run_configuration:225 - Package holidays missing from dependencies file.
2023-06-21 20:37:10.020 - INFO - 9144 - azureml.train.automl._experiment_drivers.driver_utilities.modify_run_configuration:231 - Using pinned version: holidays==0.10.3
2023-06-21 20:37:10.020 - INFO - 9144 - azureml.train.automl._experiment_drivers.driver_utilities.modify_run_configuration:225 - Package joblib missing from dependencies file.
2023-06-21 20:37:10.021 - INFO - 9144 - azureml.train.automl._experiment_drivers.driver_utilities.modify_run_configuration:231 - Using pinned version: joblib==0.14.1
2023-06-21 20:37:10.021 - INFO - 9144 - azureml.train.automl._experiment_drivers.driver_utilities.modify_run_configuration:225 - Package pystan missing from dependencies file.
2023-06-21 20:37:10.021 - INFO - 9144 - azureml.train.automl._experiment_drivers.driver_utilities.modify_run_configuration:231 - Using pinned version: pystan==2.19.1.1
2023-06-21 20:37:10.022 - INFO - 9144 - azureml.train.automl._experiment_drivers.driver_utilities.modify_run_configuration:225 - Package setuptools-git missing from dependencies file.
2023-06-21 20:37:10.022 - INFO - 9144 - azureml.train.automl._experiment_drivers.driver_utilities.modify_run_configuration:235 - Using installed version: setuptools-git==1.2
2023-06-21 20:37:10.023 - INFO - 9144 - azureml.train.automl._experiment_drivers.driver_utilities.modify_run_configuration:225 - Package urllib3 missing from dependencies file.
2023-06-21 20:37:10.023 - INFO - 9144 - azureml.train.automl._experiment_drivers.driver_utilities.modify_run_configuration:235 - Using installed version: urllib3==1.26.14
2023-06-21 20:37:10.023 - INFO - 9144 - azureml.train.automl._experiment_drivers.driver_utilities.modify_run_configuration:225 - Package azure-core missing from dependencies file.
2023-06-21 20:37:10.023 - INFO - 9144 - azureml.train.automl._experiment_drivers.driver_utilities.modify_run_configuration:235 - Using installed version: azure-core==1.26.3
2023-06-21 20:37:10.025 - INFO - 9144 - azureml.automl.core.dataset_utilities._save_datasets_to_json:255 - JSON serialization of input of type <class 'NoneType'> is un-supported.
2023-06-21 20:37:10.025 - INFO - 9144 - azureml.automl.core.dataset_utilities._save_datasets_to_json:255 - JSON serialization of input of type <class 'NoneType'> is un-supported.
2023-06-21 20:37:10.026 - INFO - 9144 - azureml.train.automl._experiment_drivers.driver_utilities.validate_input:124 - Start data validation.
2023-06-21 20:37:11.064 - INFO - 9144 - azureml.train.automl._experiment_drivers.driver_utilities.validate_input:137 - Validation service found the data has no errors.
2023-06-21 20:37:11.064 - INFO - 9144 - azureml.train.automl._experiment_drivers.driver_utilities.create_remote_parent_run:381 - Start creating parent run.
2023-06-21 20:37:11.515 - INFO - 9144 - azureml.train.automl._experiment_drivers.driver_utilities.create_remote_parent_run:401 - [ParentRunID:AutoML_553367df-b11b-469e-a776-b952dd82059e] Remote run using input X and y.
2023-06-21 20:37:11.840 - INFO - 9144 - azureml.train.automl._experiment_drivers.driver_utilities.start_remote_run:336 - Starting a snapshot run (snapshot_id : None)
